<?xml version="1.0" encoding="UTF-8"?>
<testsuite xmlns:xsi="http://www.w3.org/2001/XMLSchema-instance" xsi:noNamespaceSchemaLocation="https://maven.apache.org/surefire/maven-surefire-plugin/xsd/surefire-test-report.xsd" name="org.exemple.gestioncouverture.model.AppTest" time="0.034" tests="1" errors="0" skipped="0" failures="0">
  <properties>
    <property name="awt.toolkit" value="sun.awt.X11.XToolkit"/>
    <property name="file.encoding.pkg" value="sun.io"/>
    <property name="java.specification.version" value="1.8"/>
    <property name="sun.cpu.isalist" value=""/>
    <property name="sun.jnu.encoding" value="UTF-8"/>
    <property name="java.class.path" value="/home/ghofrane/Downloads/gestion_couverture_hopital-master/gestionCouvertureFolder/gestioncouverture-model/target/test-classes:/home/ghofrane/Downloads/gestion_couverture_hopital-master/gestionCouvertureFolder/gestioncouverture-model/target/classes:/home/ghofrane/.m2/repository/junit/junit/4.11/junit-4.11.jar:/home/ghofrane/.m2/repository/org/hamcrest/hamcrest-core/1.3/hamcrest-core-1.3.jar:/home/ghofrane/.m2/repository/org/hibernate/hibernate-entitymanager/4.3.1.Final/hibernate-entitymanager-4.3.1.Final.jar:/home/ghofrane/.m2/repository/org/jboss/logging/jboss-logging/3.1.3.GA/jboss-logging-3.1.3.GA.jar:/home/ghofrane/.m2/repository/org/jboss/logging/jboss-logging-annotations/1.2.0.Beta1/jboss-logging-annotations-1.2.0.Beta1.jar:/home/ghofrane/.m2/repository/org/hibernate/hibernate-core/4.3.1.Final/hibernate-core-4.3.1.Final.jar:/home/ghofrane/.m2/repository/antlr/antlr/2.7.7/antlr-2.7.7.jar:/home/ghofrane/.m2/repository/org/jboss/jandex/1.1.0.Final/jandex-1.1.0.Final.jar:/home/ghofrane/.m2/repository/dom4j/dom4j/1.6.1/dom4j-1.6.1.jar:/home/ghofrane/.m2/repository/xml-apis/xml-apis/1.0.b2/xml-apis-1.0.b2.jar:/home/ghofrane/.m2/repository/org/hibernate/common/hibernate-commons-annotations/4.0.4.Final/hibernate-commons-annotations-4.0.4.Final.jar:/home/ghofrane/.m2/repository/org/hibernate/javax/persistence/hibernate-jpa-2.1-api/1.0.0.Final/hibernate-jpa-2.1-api-1.0.0.Final.jar:/home/ghofrane/.m2/repository/org/jboss/spec/javax/transaction/jboss-transaction-api_1.2_spec/1.0.0.Final/jboss-transaction-api_1.2_spec-1.0.0.Final.jar:/home/ghofrane/.m2/repository/org/javassist/javassist/3.18.1-GA/javassist-3.18.1-GA.jar:/home/ghofrane/.m2/repository/javax/javaee-web-api/7.0/javaee-web-api-7.0.jar:"/>
    <property name="java.vm.vendor" value="Oracle Corporation"/>
    <property name="sun.arch.data.model" value="64"/>
    <property name="java.vendor.url" value="http://java.oracle.com/"/>
    <property name="user.timezone" value=""/>
    <property name="java.vm.specification.version" value="1.8"/>
    <property name="os.name" value="Linux"/>
    <property name="sun.java.launcher" value="SUN_STANDARD"/>
    <property name="user.country" value="US"/>
    <property name="sun.boot.library.path" value="/usr/java/jdk1.8.0_191-amd64/jre/lib/amd64"/>
    <property name="sun.java.command" value="/home/ghofrane/Downloads/gestion_couverture_hopital-master/gestionCouvertureFolder/gestioncouverture-model/target/surefire/surefirebooter5302828552227902089.jar /home/ghofrane/Downloads/gestion_couverture_hopital-master/gestionCouvertureFolder/gestioncouverture-model/target/surefire 2019-11-30T10-22-44_489-jvmRun1 surefire3758360998807130037tmp surefire_01080703819003113022tmp"/>
    <property name="surefire.test.class.path" value="/home/ghofrane/Downloads/gestion_couverture_hopital-master/gestionCouvertureFolder/gestioncouverture-model/target/test-classes:/home/ghofrane/Downloads/gestion_couverture_hopital-master/gestionCouvertureFolder/gestioncouverture-model/target/classes:/home/ghofrane/.m2/repository/junit/junit/4.11/junit-4.11.jar:/home/ghofrane/.m2/repository/org/hamcrest/hamcrest-core/1.3/hamcrest-core-1.3.jar:/home/ghofrane/.m2/repository/org/hibernate/hibernate-entitymanager/4.3.1.Final/hibernate-entitymanager-4.3.1.Final.jar:/home/ghofrane/.m2/repository/org/jboss/logging/jboss-logging/3.1.3.GA/jboss-logging-3.1.3.GA.jar:/home/ghofrane/.m2/repository/org/jboss/logging/jboss-logging-annotations/1.2.0.Beta1/jboss-logging-annotations-1.2.0.Beta1.jar:/home/ghofrane/.m2/repository/org/hibernate/hibernate-core/4.3.1.Final/hibernate-core-4.3.1.Final.jar:/home/ghofrane/.m2/repository/antlr/antlr/2.7.7/antlr-2.7.7.jar:/home/ghofrane/.m2/repository/org/jboss/jandex/1.1.0.Final/jandex-1.1.0.Final.jar:/home/ghofrane/.m2/repository/dom4j/dom4j/1.6.1/dom4j-1.6.1.jar:/home/ghofrane/.m2/repository/xml-apis/xml-apis/1.0.b2/xml-apis-1.0.b2.jar:/home/ghofrane/.m2/repository/org/hibernate/common/hibernate-commons-annotations/4.0.4.Final/hibernate-commons-annotations-4.0.4.Final.jar:/home/ghofrane/.m2/repository/org/hibernate/javax/persistence/hibernate-jpa-2.1-api/1.0.0.Final/hibernate-jpa-2.1-api-1.0.0.Final.jar:/home/ghofrane/.m2/repository/org/jboss/spec/javax/transaction/jboss-transaction-api_1.2_spec/1.0.0.Final/jboss-transaction-api_1.2_spec-1.0.0.Final.jar:/home/ghofrane/.m2/repository/org/javassist/javassist/3.18.1-GA/javassist-3.18.1-GA.jar:/home/ghofrane/.m2/repository/javax/javaee-web-api/7.0/javaee-web-api-7.0.jar:"/>
    <property name="sun.cpu.endian" value="little"/>
    <property name="user.home" value="/home/ghofrane"/>
    <property name="user.language" value="en"/>
    <property name="java.specification.vendor" value="Oracle Corporation"/>
    <property name="java.home" value="/usr/java/jdk1.8.0_191-amd64/jre"/>
    <property name="basedir" value="/home/ghofrane/Downloads/gestion_couverture_hopital-master/gestionCouvertureFolder/gestioncouverture-model"/>
    <property name="file.separator" value="/"/>
    <property name="line.separator" value="&#10;"/>
    <property name="java.vm.specification.vendor" value="Oracle Corporation"/>
    <property name="java.specification.name" value="Java Platform API Specification"/>
    <property name="java.awt.graphicsenv" value="sun.awt.X11GraphicsEnvironment"/>
    <property name="surefire.real.class.path" value="/home/ghofrane/Downloads/gestion_couverture_hopital-master/gestionCouvertureFolder/gestioncouverture-model/target/surefire/surefirebooter5302828552227902089.jar"/>
    <property name="sun.boot.class.path" value="/usr/java/jdk1.8.0_191-amd64/jre/lib/resources.jar:/usr/java/jdk1.8.0_191-amd64/jre/lib/rt.jar:/usr/java/jdk1.8.0_191-amd64/jre/lib/sunrsasign.jar:/usr/java/jdk1.8.0_191-amd64/jre/lib/jsse.jar:/usr/java/jdk1.8.0_191-amd64/jre/lib/jce.jar:/usr/java/jdk1.8.0_191-amd64/jre/lib/charsets.jar:/usr/java/jdk1.8.0_191-amd64/jre/lib/jfr.jar:/usr/java/jdk1.8.0_191-amd64/jre/classes"/>
    <property name="sun.management.compiler" value="HotSpot 64-Bit Tiered Compilers"/>
    <property name="java.runtime.version" value="1.8.0_191-b12"/>
    <property name="user.name" value="ghofrane"/>
    <property name="path.separator" value=":"/>
    <property name="os.version" value="5.3.9-1-default"/>
    <property name="java.endorsed.dirs" value="/usr/java/jdk1.8.0_191-amd64/jre/lib/endorsed"/>
    <property name="java.runtime.name" value="Java(TM) SE Runtime Environment"/>
    <property name="file.encoding" value="UTF-8"/>
    <property name="java.vm.name" value="Java HotSpot(TM) 64-Bit Server VM"/>
    <property name="maven.ext.class.path" value="/usr/local/netbeans-8.2/java/maven-nblib/netbeans-eventspy.jar"/>
    <property name="localRepository" value="/home/ghofrane/.m2/repository"/>
    <property name="java.vendor.url.bug" value="http://bugreport.sun.com/bugreport/"/>
    <property name="java.io.tmpdir" value="/tmp"/>
    <property name="java.version" value="1.8.0_191"/>
    <property name="user.dir" value="/home/ghofrane/Downloads/gestion_couverture_hopital-master/gestionCouvertureFolder/gestioncouverture-model"/>
    <property name="os.arch" value="amd64"/>
    <property name="java.vm.specification.name" value="Java Virtual Machine Specification"/>
    <property name="java.awt.printerjob" value="sun.print.PSPrinterJob"/>
    <property name="sun.os.patch.level" value="unknown"/>
    <property name="java.library.path" value="/usr/java/jdk1.8.0_191-amd64/jre/lib/amd64:/usr/java/jdk1.8.0_191-amd64/jre/lib/i386::/usr/java/packages/lib/amd64:/usr/lib64:/lib64:/lib:/usr/lib"/>
    <property name="java.vm.info" value="mixed mode"/>
    <property name="java.vendor" value="Oracle Corporation"/>
    <property name="java.vm.version" value="25.191-b12"/>
    <property name="java.ext.dirs" value="/usr/java/jdk1.8.0_191-amd64/jre/lib/ext:/usr/java/packages/lib/ext"/>
    <property name="sun.io.unicode.encoding" value="UnicodeLittle"/>
    <property name="java.class.version" value="52.0"/>
  </properties>
  <testcase name="shouldAnswerWithTrue" classname="org.exemple.gestioncouverture.model.AppTest" time="0"/>
</testsuite>